<?xml version="1.0" encoding="UTF-8"?>
<!-- Generated by org.testng.reporters.JUnitReportReporter -->
<testsuite skipped="1" hostname="LTILPUN23200595" name="runner.MobileTestRunner" tests="1" failures="0" timestamp="2020-11-23T09:45:36 IST" time="27.577" errors="0">
  <testcase name="runScenario" time="27.577" classname="runner.MobileTestRunner">
    <skipped/>
  </testcase> <!-- runScenario -->
  <system-out/>
</testsuite> <!-- runner.MobileTestRunner -->
