<?xml version="1.0" encoding="UTF-8"?>
<!-- Generated by org.testng.reporters.JUnitReportReporter -->
<testsuite skipped="0" hostname="LTILPUN23200595" name="runner.TestNGTestRunner" tests="3" failures="0" timestamp="2020-12-03T15:02:07 IST" time="195.730" errors="0">
  <testcase name="runScenario" time="62.882" classname="runner.TestNGTestRunner"/>
  <system-out/>
  <testcase name="runScenario" time="66.423" classname="runner.TestNGTestRunner"/>
  <system-out/>
  <testcase name="runScenario" time="66.425" classname="runner.TestNGTestRunner"/>
  <system-out/>
</testsuite> <!-- runner.TestNGTestRunner -->
